0 info it worked if it ends with ok
1 verbose cli [ '/usr/bin/nodejs', '/usr/bin/npm', 'install' ]
2 info using npm@1.3.10
3 info using node@v0.10.25
4 warn package.json abz@1.0.0 No description
5 warn package.json abz@1.0.0 No repository field.
6 warn package.json abz@1.0.0 No README data
7 verbose readDependencies using package.json deps
8 verbose install where, deps [ '/home/user/Документы/FrontEnd/GitHub/lihtar',
8 verbose install   [ 'grunt',
8 verbose install     'grunt-contrib-concat',
8 verbose install     'grunt-contrib-less',
8 verbose install     'grunt-contrib-uglify',
8 verbose install     'grunt-contrib-watch' ] ]
9 info preinstall abz@1.0.0
10 verbose readDependencies using package.json deps
11 verbose cache add [ 'grunt-contrib-less@^2.0.0', null ]
12 verbose cache add name=undefined spec="grunt-contrib-less@^2.0.0" args=["grunt-contrib-less@^2.0.0",null]
13 verbose parsed url { protocol: null,
13 verbose parsed url   slashes: null,
13 verbose parsed url   auth: null,
13 verbose parsed url   host: null,
13 verbose parsed url   port: null,
13 verbose parsed url   hostname: null,
13 verbose parsed url   hash: null,
13 verbose parsed url   search: null,
13 verbose parsed url   query: null,
13 verbose parsed url   pathname: 'grunt-contrib-less@^2.0.0',
13 verbose parsed url   path: 'grunt-contrib-less@^2.0.0',
13 verbose parsed url   href: 'grunt-contrib-less@^2.0.0' }
14 verbose cache add name="grunt-contrib-less" spec="^2.0.0" args=["grunt-contrib-less","^2.0.0"]
15 verbose parsed url { protocol: null,
15 verbose parsed url   slashes: null,
15 verbose parsed url   auth: null,
15 verbose parsed url   host: null,
15 verbose parsed url   port: null,
15 verbose parsed url   hostname: null,
15 verbose parsed url   hash: null,
15 verbose parsed url   search: null,
15 verbose parsed url   query: null,
15 verbose parsed url   pathname: '^2.0.0',
15 verbose parsed url   path: '^2.0.0',
15 verbose parsed url   href: '^2.0.0' }
16 verbose addNamed [ 'grunt-contrib-less', '^2.0.0' ]
17 verbose addNamed [ null, '>=2.0.0-0 <3.0.0-0' ]
18 verbose cache add [ 'grunt-contrib-uglify@^3.3.0', null ]
19 verbose cache add name=undefined spec="grunt-contrib-uglify@^3.3.0" args=["grunt-contrib-uglify@^3.3.0",null]
20 verbose parsed url { protocol: null,
20 verbose parsed url   slashes: null,
20 verbose parsed url   auth: null,
20 verbose parsed url   host: null,
20 verbose parsed url   port: null,
20 verbose parsed url   hostname: null,
20 verbose parsed url   hash: null,
20 verbose parsed url   search: null,
20 verbose parsed url   query: null,
20 verbose parsed url   pathname: 'grunt-contrib-uglify@^3.3.0',
20 verbose parsed url   path: 'grunt-contrib-uglify@^3.3.0',
20 verbose parsed url   href: 'grunt-contrib-uglify@^3.3.0' }
21 verbose cache add name="grunt-contrib-uglify" spec="^3.3.0" args=["grunt-contrib-uglify","^3.3.0"]
22 verbose parsed url { protocol: null,
22 verbose parsed url   slashes: null,
22 verbose parsed url   auth: null,
22 verbose parsed url   host: null,
22 verbose parsed url   port: null,
22 verbose parsed url   hostname: null,
22 verbose parsed url   hash: null,
22 verbose parsed url   search: null,
22 verbose parsed url   query: null,
22 verbose parsed url   pathname: '^3.3.0',
22 verbose parsed url   path: '^3.3.0',
22 verbose parsed url   href: '^3.3.0' }
23 verbose addNamed [ 'grunt-contrib-uglify', '^3.3.0' ]
24 verbose addNamed [ null, '>=3.3.0-0 <4.0.0-0' ]
25 verbose cache add [ 'grunt-contrib-watch@^1.1.0', null ]
26 verbose cache add name=undefined spec="grunt-contrib-watch@^1.1.0" args=["grunt-contrib-watch@^1.1.0",null]
27 verbose parsed url { protocol: null,
27 verbose parsed url   slashes: null,
27 verbose parsed url   auth: null,
27 verbose parsed url   host: null,
27 verbose parsed url   port: null,
27 verbose parsed url   hostname: null,
27 verbose parsed url   hash: null,
27 verbose parsed url   search: null,
27 verbose parsed url   query: null,
27 verbose parsed url   pathname: 'grunt-contrib-watch@^1.1.0',
27 verbose parsed url   path: 'grunt-contrib-watch@^1.1.0',
27 verbose parsed url   href: 'grunt-contrib-watch@^1.1.0' }
28 verbose cache add name="grunt-contrib-watch" spec="^1.1.0" args=["grunt-contrib-watch","^1.1.0"]
29 verbose parsed url { protocol: null,
29 verbose parsed url   slashes: null,
29 verbose parsed url   auth: null,
29 verbose parsed url   host: null,
29 verbose parsed url   port: null,
29 verbose parsed url   hostname: null,
29 verbose parsed url   hash: null,
29 verbose parsed url   search: null,
29 verbose parsed url   query: null,
29 verbose parsed url   pathname: '^1.1.0',
29 verbose parsed url   path: '^1.1.0',
29 verbose parsed url   href: '^1.1.0' }
30 verbose addNamed [ 'grunt-contrib-watch', '^1.1.0' ]
31 verbose addNamed [ null, '>=1.1.0-0 <2.0.0-0' ]
32 verbose cache add [ 'grunt@^1.0.3', null ]
33 verbose cache add name=undefined spec="grunt@^1.0.3" args=["grunt@^1.0.3",null]
34 verbose parsed url { protocol: null,
34 verbose parsed url   slashes: null,
34 verbose parsed url   auth: null,
34 verbose parsed url   host: null,
34 verbose parsed url   port: null,
34 verbose parsed url   hostname: null,
34 verbose parsed url   hash: null,
34 verbose parsed url   search: null,
34 verbose parsed url   query: null,
34 verbose parsed url   pathname: 'grunt@^1.0.3',
34 verbose parsed url   path: 'grunt@^1.0.3',
34 verbose parsed url   href: 'grunt@^1.0.3' }
35 verbose cache add name="grunt" spec="^1.0.3" args=["grunt","^1.0.3"]
36 verbose parsed url { protocol: null,
36 verbose parsed url   slashes: null,
36 verbose parsed url   auth: null,
36 verbose parsed url   host: null,
36 verbose parsed url   port: null,
36 verbose parsed url   hostname: null,
36 verbose parsed url   hash: null,
36 verbose parsed url   search: null,
36 verbose parsed url   query: null,
36 verbose parsed url   pathname: '^1.0.3',
36 verbose parsed url   path: '^1.0.3',
36 verbose parsed url   href: '^1.0.3' }
37 verbose addNamed [ 'grunt', '^1.0.3' ]
38 verbose addNamed [ null, '>=1.0.3-0 <2.0.0-0' ]
39 silly lockFile f7391d11-grunt-contrib-less-2-0-0 grunt-contrib-less@^2.0.0
40 verbose lock grunt-contrib-less@^2.0.0 /home/user/.npm/f7391d11-grunt-contrib-less-2-0-0.lock
41 silly lockFile 421be968-grunt-contrib-uglify-3-3-0 grunt-contrib-uglify@^3.3.0
42 verbose lock grunt-contrib-uglify@^3.3.0 /home/user/.npm/421be968-grunt-contrib-uglify-3-3-0.lock
43 silly lockFile d91d7185-grunt-contrib-watch-1-1-0 grunt-contrib-watch@^1.1.0
44 verbose lock grunt-contrib-watch@^1.1.0 /home/user/.npm/d91d7185-grunt-contrib-watch-1-1-0.lock
45 verbose cache add [ 'grunt-contrib-concat@^1.0.1', null ]
46 verbose cache add name=undefined spec="grunt-contrib-concat@^1.0.1" args=["grunt-contrib-concat@^1.0.1",null]
47 verbose parsed url { protocol: null,
47 verbose parsed url   slashes: null,
47 verbose parsed url   auth: null,
47 verbose parsed url   host: null,
47 verbose parsed url   port: null,
47 verbose parsed url   hostname: null,
47 verbose parsed url   hash: null,
47 verbose parsed url   search: null,
47 verbose parsed url   query: null,
47 verbose parsed url   pathname: 'grunt-contrib-concat@^1.0.1',
47 verbose parsed url   path: 'grunt-contrib-concat@^1.0.1',
47 verbose parsed url   href: 'grunt-contrib-concat@^1.0.1' }
48 verbose cache add name="grunt-contrib-concat" spec="^1.0.1" args=["grunt-contrib-concat","^1.0.1"]
49 verbose parsed url { protocol: null,
49 verbose parsed url   slashes: null,
49 verbose parsed url   auth: null,
49 verbose parsed url   host: null,
49 verbose parsed url   port: null,
49 verbose parsed url   hostname: null,
49 verbose parsed url   hash: null,
49 verbose parsed url   search: null,
49 verbose parsed url   query: null,
49 verbose parsed url   pathname: '^1.0.1',
49 verbose parsed url   path: '^1.0.1',
49 verbose parsed url   href: '^1.0.1' }
50 verbose addNamed [ 'grunt-contrib-concat', '^1.0.1' ]
51 verbose addNamed [ null, '>=1.0.1-0 <2.0.0-0' ]
52 silly lockFile 5846474e-grunt-contrib-concat-1-0-1 grunt-contrib-concat@^1.0.1
53 verbose lock grunt-contrib-concat@^1.0.1 /home/user/.npm/5846474e-grunt-contrib-concat-1-0-1.lock
54 silly lockFile f1703b93-grunt-1-0-3 grunt@^1.0.3
55 verbose lock grunt@^1.0.3 /home/user/.npm/f1703b93-grunt-1-0-3.lock
56 silly addNameRange { name: 'grunt-contrib-less',
56 silly addNameRange   range: '>=2.0.0-0 <3.0.0-0',
56 silly addNameRange   hasData: false }
57 silly addNameRange { name: 'grunt-contrib-uglify',
57 silly addNameRange   range: '>=3.3.0-0 <4.0.0-0',
57 silly addNameRange   hasData: false }
58 verbose url raw grunt-contrib-uglify
59 verbose url resolving [ 'https://registry.npmjs.org/', './grunt-contrib-uglify' ]
60 verbose url resolved https://registry.npmjs.org/grunt-contrib-uglify
61 info trying registry request attempt 1 at 11:02:47
62 http GET https://registry.npmjs.org/grunt-contrib-uglify
63 verbose url raw grunt-contrib-less
64 verbose url resolving [ 'https://registry.npmjs.org/', './grunt-contrib-less' ]
65 verbose url resolved https://registry.npmjs.org/grunt-contrib-less
66 info trying registry request attempt 1 at 11:02:47
67 http GET https://registry.npmjs.org/grunt-contrib-less
68 silly addNameRange { name: 'grunt', range: '>=1.0.3-0 <2.0.0-0', hasData: false }
69 silly addNameRange { name: 'grunt-contrib-watch',
69 silly addNameRange   range: '>=1.1.0-0 <2.0.0-0',
69 silly addNameRange   hasData: false }
70 silly addNameRange { name: 'grunt-contrib-concat',
70 silly addNameRange   range: '>=1.0.1-0 <2.0.0-0',
70 silly addNameRange   hasData: false }
71 verbose url raw grunt-contrib-watch
72 verbose url resolving [ 'https://registry.npmjs.org/', './grunt-contrib-watch' ]
73 verbose url resolved https://registry.npmjs.org/grunt-contrib-watch
74 info trying registry request attempt 1 at 11:02:47
75 http GET https://registry.npmjs.org/grunt-contrib-watch
76 verbose url raw grunt-contrib-concat
77 verbose url resolving [ 'https://registry.npmjs.org/', './grunt-contrib-concat' ]
78 verbose url resolved https://registry.npmjs.org/grunt-contrib-concat
79 info trying registry request attempt 1 at 11:02:47
80 http GET https://registry.npmjs.org/grunt-contrib-concat
81 verbose url raw grunt
82 verbose url resolving [ 'https://registry.npmjs.org/', './grunt' ]
83 verbose url resolved https://registry.npmjs.org/grunt
84 info trying registry request attempt 1 at 11:02:47
85 verbose etag "5aa39b8a-1977d"
86 http GET https://registry.npmjs.org/grunt
87 info retry will retry, error on last attempt: Error: CERT_UNTRUSTED
88 info retry will retry, error on last attempt: Error: CERT_UNTRUSTED
89 info retry will retry, error on last attempt: Error: CERT_UNTRUSTED
90 info retry will retry, error on last attempt: Error: CERT_UNTRUSTED
91 info retry will retry, error on last attempt: Error: CERT_UNTRUSTED
92 info trying registry request attempt 2 at 11:02:57
93 http GET https://registry.npmjs.org/grunt-contrib-concat
94 info trying registry request attempt 2 at 11:02:57
95 http GET https://registry.npmjs.org/grunt-contrib-uglify
96 info trying registry request attempt 2 at 11:02:57
97 http GET https://registry.npmjs.org/grunt-contrib-less
98 info trying registry request attempt 2 at 11:02:57
99 http GET https://registry.npmjs.org/grunt-contrib-watch
100 info trying registry request attempt 2 at 11:02:57
101 verbose etag "5aa39b8a-1977d"
102 http GET https://registry.npmjs.org/grunt
103 info retry will retry, error on last attempt: Error: CERT_UNTRUSTED
104 info retry will retry, error on last attempt: Error: CERT_UNTRUSTED
105 info retry will retry, error on last attempt: Error: CERT_UNTRUSTED
106 info retry will retry, error on last attempt: Error: CERT_UNTRUSTED
107 info retry will retry, error on last attempt: Error: CERT_UNTRUSTED
108 info trying registry request attempt 3 at 11:03:58
109 http GET https://registry.npmjs.org/grunt-contrib-less
110 info trying registry request attempt 3 at 11:03:58
111 http GET https://registry.npmjs.org/grunt-contrib-concat
112 info trying registry request attempt 3 at 11:03:58
113 http GET https://registry.npmjs.org/grunt-contrib-watch
114 info trying registry request attempt 3 at 11:03:58
115 verbose etag "5aa39b8a-1977d"
116 http GET https://registry.npmjs.org/grunt
117 info trying registry request attempt 3 at 11:03:58
118 http GET https://registry.npmjs.org/grunt-contrib-uglify
119 silly lockFile 5846474e-grunt-contrib-concat-1-0-1 grunt-contrib-concat@^1.0.1
120 silly lockFile 5846474e-grunt-contrib-concat-1-0-1 grunt-contrib-concat@^1.0.1
121 silly lockFile 421be968-grunt-contrib-uglify-3-3-0 grunt-contrib-uglify@^3.3.0
122 silly lockFile 421be968-grunt-contrib-uglify-3-3-0 grunt-contrib-uglify@^3.3.0
123 error Error: CERT_UNTRUSTED
123 error     at SecurePair.<anonymous> (tls.js:1370:32)
123 error     at SecurePair.EventEmitter.emit (events.js:92:17)
123 error     at SecurePair.maybeInitFinished (tls.js:982:10)
123 error     at CleartextStream.read [as _read] (tls.js:469:13)
123 error     at CleartextStream.Readable.read (_stream_readable.js:320:10)
123 error     at EncryptedStream.write [as _write] (tls.js:366:25)
123 error     at doWrite (_stream_writable.js:223:10)
123 error     at writeOrBuffer (_stream_writable.js:213:5)
123 error     at EncryptedStream.Writable.write (_stream_writable.js:180:11)
123 error     at write (_stream_readable.js:583:24)
123 error     at flow (_stream_readable.js:592:7)
123 error     at Socket.pipeOnReadable (_stream_readable.js:624:5)
124 error If you need help, you may report this log at:
124 error     <http://github.com/isaacs/npm/issues>
124 error or email it to:
124 error     <npm-@googlegroups.com>
125 error System Linux 3.19.0-32-generic
126 error command "/usr/bin/nodejs" "/usr/bin/npm" "install"
127 error cwd /home/user/Документы/FrontEnd/GitHub/lihtar
128 error node -v v0.10.25
129 error npm -v 1.3.10
130 verbose exit [ 1, true ]
